
  .   ____          _            __ _ _
 /\\ / ___'_ __ _ _(_)_ __  __ _ \ \ \ \
( ( )\___ | '_ | '_| | '_ \/ _` | \ \ \ \
 \\/  ___)| |_)| | | | | || (_| |  ) ) ) )
  '  |____| .__|_| |_|_| |_\__, | / / / /
 =========|_|==============|___/=/_/_/_/
 :: Spring Boot ::                (v3.2.5)

2026-05-03T03:55:17.581+05:30  INFO 15852 --- [library-management] [           main] com.library.LibraryApplication           : Starting LibraryApplication v0.0.1-SNAPSHOT using Java 17.0.17 with PID 15852 (C:\Users\Asus\Desktop\New folder (4)\library-management\target\library-management-0.0.1-SNAPSHOT.war started by Asus in C:\Users\Asus\Desktop\New folder (4)\library-management)
2026-05-03T03:55:17.596+05:30  INFO 15852 --- [library-management] [           main] com.library.LibraryApplication           : No active profile set, falling back to 1 default profile: "default"
2026-05-03T03:55:19.422+05:30  INFO 15852 --- [library-management] [           main] .s.d.r.c.RepositoryConfigurationDelegate : Bootstrapping Spring Data JPA repositories in DEFAULT mode.
2026-05-03T03:55:19.552+05:30  INFO 15852 --- [library-management] [           main] .s.d.r.c.RepositoryConfigurationDelegate : Finished Spring Data repository scanning in 114 ms. Found 2 JPA repository interfaces.
2026-05-03T03:55:20.935+05:30  INFO 15852 --- [library-management] [           main] o.s.b.w.embedded.tomcat.TomcatWebServer  : Tomcat initialized with port 8080 (http)
2026-05-03T03:55:20.959+05:30  INFO 15852 --- [library-management] [           main] o.apache.catalina.core.StandardService   : Starting service [Tomcat]
2026-05-03T03:55:20.959+05:30  INFO 15852 --- [library-management] [           main] o.apache.catalina.core.StandardEngine    : Starting Servlet engine: [Apache Tomcat/10.1.20]
2026-05-03T03:55:22.727+05:30  INFO 15852 --- [library-management] [           main] org.apache.jasper.servlet.TldScanner     : At least one JAR was scanned for TLDs yet contained no TLDs. Enable debug logging for this logger for a complete list of JARs that were scanned but no TLDs were found in them. Skipping unneeded JARs during scanning can improve startup time and JSP compilation time.
2026-05-03T03:55:23.370+05:30  INFO 15852 --- [library-management] [           main] o.a.c.c.C.[Tomcat].[localhost].[/]       : Initializing Spring embedded WebApplicationContext
2026-05-03T03:55:23.372+05:30  INFO 15852 --- [library-management] [           main] w.s.c.ServletWebServerApplicationContext : Root WebApplicationContext: initialization completed in 5593 ms
2026-05-03T03:55:23.450+05:30  INFO 15852 --- [library-management] [           main] com.zaxxer.hikari.HikariDataSource       : HikariPool-1 - Starting...
2026-05-03T03:55:24.045+05:30  INFO 15852 --- [library-management] [           main] com.zaxxer.hikari.pool.HikariPool        : HikariPool-1 - Added connection conn0: url=jdbc:h2:mem:librarydb user=SA
2026-05-03T03:55:24.047+05:30  INFO 15852 --- [library-management] [           main] com.zaxxer.hikari.HikariDataSource       : HikariPool-1 - Start completed.
2026-05-03T03:55:24.063+05:30  INFO 15852 --- [library-management] [           main] o.s.b.a.h2.H2ConsoleAutoConfiguration    : H2 console available at '/h2-console'. Database available at 'jdbc:h2:mem:librarydb'
2026-05-03T03:55:24.748+05:30  INFO 15852 --- [library-management] [           main] o.hibernate.jpa.internal.util.LogHelper  : HHH000204: Processing PersistenceUnitInfo [name: default]
2026-05-03T03:55:24.876+05:30  INFO 15852 --- [library-management] [           main] org.hibernate.Version                    : HHH000412: Hibernate ORM core version 6.4.4.Final
2026-05-03T03:55:24.969+05:30  INFO 15852 --- [library-management] [           main] o.h.c.internal.RegionFactoryInitiator    : HHH000026: Second-level cache disabled
2026-05-03T03:55:25.312+05:30  INFO 15852 --- [library-management] [           main] o.s.o.j.p.SpringPersistenceUnitInfo      : No LoadTimeWeaver setup: ignoring JPA class transformer
2026-05-03T03:55:26.620+05:30  INFO 15852 --- [library-management] [           main] o.h.e.t.j.p.i.JtaPlatformInitiator       : HHH000489: No JTA platform available (set 'hibernate.transaction.jta.platform' to enable JTA platform integration)
Hibernate: 
    drop table if exists author cascade 
Hibernate: 
    drop table if exists book cascade 
Hibernate: 
    create table author (
        birth_year integer,
        id bigint generated by default as identity,
        email varchar(255) unique,
        name varchar(255) not null,
        nationality varchar(255),
        primary key (id)
    )
Hibernate: 
    create table book (
        price float(53),
        published_year integer,
        author_id bigint not null,
        id bigint generated by default as identity,
        genre varchar(255),
        isbn varchar(255) unique,
        title varchar(255) not null,
        primary key (id)
    )
Hibernate: 
    alter table if exists book 
       add constraint FKklnrv3weler2ftkweewlky958 
       foreign key (author_id) 
       references author
2026-05-03T03:55:26.698+05:30  INFO 15852 --- [library-management] [           main] j.LocalContainerEntityManagerFactoryBean : Initialized JPA EntityManagerFactory for persistence unit 'default'
2026-05-03T03:55:27.502+05:30  INFO 15852 --- [library-management] [           main] o.s.d.j.r.query.QueryEnhancerFactory     : Hibernate is in classpath; If applicable, HQL parser will be used.
2026-05-03T03:55:28.495+05:30  WARN 15852 --- [library-management] [           main] JpaBaseConfiguration$JpaWebConfiguration : spring.jpa.open-in-view is enabled by default. Therefore, database queries may be performed during view rendering. Explicitly configure spring.jpa.open-in-view to disable this warning
2026-05-03T03:55:29.513+05:30  INFO 15852 --- [library-management] [           main] o.s.b.w.embedded.tomcat.TomcatWebServer  : Tomcat started on port 8080 (http) with context path ''
2026-05-03T03:55:29.547+05:30  INFO 15852 --- [library-management] [           main] com.library.LibraryApplication           : Started LibraryApplication in 12.982 seconds (process running for 14.628)
2026-05-03T03:55:49.093+05:30  INFO 15852 --- [library-management] [nio-8080-exec-1] o.a.c.c.C.[Tomcat].[localhost].[/]       : Initializing Spring DispatcherServlet 'dispatcherServlet'
2026-05-03T03:55:49.094+05:30  INFO 15852 --- [library-management] [nio-8080-exec-1] o.s.web.servlet.DispatcherServlet        : Initializing Servlet 'dispatcherServlet'
2026-05-03T03:55:49.095+05:30  INFO 15852 --- [library-management] [nio-8080-exec-1] o.s.web.servlet.DispatcherServlet        : Completed initialization in 1 ms
Hibernate: 
    select
        b1_0.id,
        b1_0.author_id,
        a1_0.id,
        a1_0.birth_year,
        a1_0.email,
        a1_0.name,
        a1_0.nationality,
        b1_0.genre,
        b1_0.isbn,
        b1_0.price,
        b1_0.published_year,
        b1_0.title 
    from
        book b1_0 
    join
        author a1_0 
            on a1_0.id=b1_0.author_id 
    where
        b1_0.id=?
Hibernate: 
    delete 
    from
        book 
    where
        id=?
Hibernate: 
    select
        a1_0.id,
        a1_0.birth_year,
        a1_0.email,
        a1_0.name,
        a1_0.nationality 
    from
        author a1_0 
    where
        a1_0.id=?
Hibernate: 
    delete 
    from
        author 
    where
        id=?
2026-05-03T03:55:49.471+05:30  WARN 15852 --- [library-management] [nio-8080-exec-2] o.h.engine.jdbc.spi.SqlExceptionHelper   : SQL Error: 23503, SQLState: 23503
2026-05-03T03:55:49.471+05:30 ERROR 15852 --- [library-management] [nio-8080-exec-2] o.h.engine.jdbc.spi.SqlExceptionHelper   : Referential integrity constraint violation: "FKKLNRV3WELER2FTKWEEWLKY958: PUBLIC.BOOK FOREIGN KEY(AUTHOR_ID) REFERENCES PUBLIC.AUTHOR(ID) (CAST(1 AS BIGINT))"; SQL statement:
delete from author where id=? [23503-224]
Hibernate: 
    select
        b1_0.id,
        b1_0.author_id,
        a1_0.id,
        a1_0.birth_year,
        a1_0.email,
        a1_0.name,
        a1_0.nationality,
        b1_0.genre,
        b1_0.isbn,
        b1_0.price,
        b1_0.published_year,
        b1_0.title 
    from
        book b1_0 
    join
        author a1_0 
            on a1_0.id=b1_0.author_id 
    order by
        a1_0.name,
        b1_0.title
Hibernate: 
    select
        b1_0.id,
        b1_0.author_id,
        a1_0.id,
        a1_0.birth_year,
        a1_0.email,
        a1_0.name,
        a1_0.nationality,
        b1_0.genre,
        b1_0.isbn,
        b1_0.price,
        b1_0.published_year,
        b1_0.title 
    from
        book b1_0 
    join
        author a1_0 
            on a1_0.id=b1_0.author_id 
    order by
        a1_0.name,
        b1_0.title
Hibernate: 
    select
        b1_0.id,
        b1_0.author_id,
        a1_0.id,
        a1_0.birth_year,
        a1_0.email,
        a1_0.name,
        a1_0.nationality,
        b1_0.genre,
        b1_0.isbn,
        b1_0.price,
        b1_0.published_year,
        b1_0.title 
    from
        book b1_0 
    join
        author a1_0 
            on a1_0.id=b1_0.author_id 
    where
        b1_0.id=?
Hibernate: 
    delete 
    from
        book 
    where
        id=?
Hibernate: 
    select
        b1_0.id,
        b1_0.author_id,
        a1_0.id,
        a1_0.birth_year,
        a1_0.email,
        a1_0.name,
        a1_0.nationality,
        b1_0.genre,
        b1_0.isbn,
        b1_0.price,
        b1_0.published_year,
        b1_0.title 
    from
        book b1_0 
    join
        author a1_0 
            on a1_0.id=b1_0.author_id 
    order by
        a1_0.name,
        b1_0.title
Hibernate: 
    select
        b1_0.id,
        b1_0.author_id,
        a1_0.id,
        a1_0.birth_year,
        a1_0.email,
        a1_0.name,
        a1_0.nationality,
        b1_0.genre,
        b1_0.isbn,
        b1_0.price,
        b1_0.published_year,
        b1_0.title 
    from
        book b1_0 
    join
        author a1_0 
            on a1_0.id=b1_0.author_id 
    where
        b1_0.id=?
Hibernate: 
    select
        a1_0.id,
        a1_0.birth_year,
        a1_0.email,
        a1_0.name,
        a1_0.nationality 
    from
        author a1_0
Hibernate: 
    select
        b1_0.id,
        b1_0.author_id,
        a1_0.id,
        a1_0.birth_year,
        a1_0.email,
        a1_0.name,
        a1_0.nationality,
        b1_0.genre,
        b1_0.isbn,
        b1_0.price,
        b1_0.published_year,
        b1_0.title 
    from
        book b1_0 
    join
        author a1_0 
            on a1_0.id=b1_0.author_id 
    where
        b1_0.id=?
Hibernate: 
    select
        a1_0.id,
        a1_0.birth_year,
        a1_0.email,
        a1_0.name,
        a1_0.nationality 
    from
        author a1_0
Hibernate: 
    select
        b1_0.id,
        b1_0.author_id,
        a1_0.id,
        a1_0.birth_year,
        a1_0.email,
        a1_0.name,
        a1_0.nationality,
        b1_0.genre,
        b1_0.isbn,
        b1_0.price,
        b1_0.published_year,
        b1_0.title 
    from
        book b1_0 
    join
        author a1_0 
            on a1_0.id=b1_0.author_id 
    order by
        a1_0.name,
        b1_0.title
